<?xml version="1.0" encoding="UTF-8"?>
<!-- Generated by org.testng.reporters.JUnitReportReporter -->
<testsuite skipped="0" hostname="bridgelabz" name="com.bridegalbz.bookswagon.test.BooksWagonTest" tests="1" failures="0" timestamp="2020-05-16T13:00:01 IST" time="57.054" errors="0">
  <testcase name="whenSearchBookByAutherName_AfterPlacingAOrder_UserShouldGetTheBillingPage" time="57.054" classname="com.bridegalbz.bookswagon.test.BooksWagonTest"/>
</testsuite> <!-- com.bridegalbz.bookswagon.test.BooksWagonTest -->
