<?xml version="1.0" encoding="UTF-8"?>
<!-- Generated by org.testng.reporters.JUnitReportReporter -->
<testsuite skipped="0" hostname="bridgelabz" name="com.bridegalbz.bookswagon.test.BooksWagonTest" tests="1" failures="0" timestamp="2020-07-31T14:09:30 IST" time="45.145" errors="0">
  <testcase name="whenSearchBookByAutherName_AfterPlacingAOrder_UserShouldGetTheBillingPage" time="45.145" classname="com.bridegalbz.bookswagon.test.BooksWagonTest"/>
</testsuite> <!-- com.bridegalbz.bookswagon.test.BooksWagonTest -->
