<?xml version="1.0" encoding="UTF-8"?>
<!-- Generated by org.testng.reporters.JUnitReportReporter -->
<testsuite skipped="0" hostname="bridgelabz" name="com.bridegalbz.bookswagon.test.BooksWagonTest" tests="1" failures="0" timestamp="2020-07-09T17:13:22 IST" time="43.689" errors="0">
  <testcase name="whenSearchBookByAutherName_AfterPlacingAOrder_UserShouldGetTheBillingPage" time="43.689" classname="com.bridegalbz.bookswagon.test.BooksWagonTest"/>
</testsuite> <!-- com.bridegalbz.bookswagon.test.BooksWagonTest -->
